<?xml version="1.0" encoding="UTF-8"?>
<!-- Generated by org.testng.reporters.JUnitReportReporter -->
<testsuite skipped="0" hostname="DESKTOP-L1EA06Q" name="com.qa.test.HomePageTest" tests="13" failures="0" timestamp="2020-09-08T00:20:11 IST" time="150.502" errors="0">
  <testcase name="verifycustomisedStatementBtnTest" time="11.170" classname="com.qa.test.HomePageTest"/>
  <system-out/>
  <testcase name="verifychangePasswordBtnTest" time="10.351" classname="com.qa.test.HomePageTest"/>
  <system-out/>
  <testcase name="verifybalanceEnquiryBtnTest" time="12.141" classname="com.qa.test.HomePageTest"/>
  <system-out/>
  <testcase name="verifydeleteCustomerBtnTest" time="11.327" classname="com.qa.test.HomePageTest"/>
  <system-out/>
  <testcase name="verifynewCustomerBtnTest" time="9.876" classname="com.qa.test.HomePageTest"/>
  <system-out/>
  <testcase name="verifydeleteAccountBtnTest" time="10.578" classname="com.qa.test.HomePageTest"/>
  <system-out/>
  <testcase name="verifyeditAccountBtnTest" time="10.291" classname="com.qa.test.HomePageTest"/>
  <system-out/>
  <testcase name="verifyeditCustomerBtnTest" time="13.334" classname="com.qa.test.HomePageTest"/>
  <system-out/>
  <testcase name="verifylogoutBtnTest" time="14.394" classname="com.qa.test.HomePageTest"/>
  <system-out/>
  <testcase name="verifyminiStatementBtnTest" time="12.978" classname="com.qa.test.HomePageTest"/>
  <system-out/>
  <testcase name="verifyHomePageTitleTest" time="9.501" classname="com.qa.test.HomePageTest"/>
  <system-out/>
  <testcase name="verifynewAccountBtnTest" time="10.529" classname="com.qa.test.HomePageTest"/>
  <system-out/>
  <testcase name="verifyManagerIdTest" time="14.032" classname="com.qa.test.HomePageTest"/>
  <system-out/>
</testsuite> <!-- com.qa.test.HomePageTest -->
