<?xml version="1.0" encoding="UTF-8"?>
<!-- Generated by org.testng.reporters.JUnitReportReporter -->
<testsuite skipped="0" hostname="DESKTOP-L1EA06Q" name="DailyTaskTestNg.Day01VerifyLoginTest" tests="1" failures="0" timestamp="2020-09-15T23:47:55 IST" time="10.079" errors="0">
  <testcase name="verifyLoginTest" time="10.079" classname="DailyTaskTestNg.Day01VerifyLoginTest"/>
  <system-out/>
</testsuite> <!-- DailyTaskTestNg.Day01VerifyLoginTest -->
