<?xml version="1.0" encoding="UTF-8"?>
<!-- Generated by org.testng.reporters.JUnitReportReporter -->
<testsuite skipped="0" hostname="DESKTOP-L1EA06Q" name="com.qa.test.LoginPageTest" tests="4" failures="0" timestamp="2020-09-19T01:20:31 IST" time="34.159" errors="0">
  <testcase name="verifyLoginPageTitleTest" time="7.222" classname="com.qa.test.LoginPageTest"/>
  <system-out/>
  <testcase name="verifyResetBtnTest" time="8.793" classname="com.qa.test.LoginPageTest"/>
  <system-out/>
  <testcase name="verifyLoginBtnTest" time="10.062" classname="com.qa.test.LoginPageTest"/>
  <system-out/>
  <testcase name="verifyLogoTest" time="8.082" classname="com.qa.test.LoginPageTest"/>
  <system-out/>
</testsuite> <!-- com.qa.test.LoginPageTest -->
