<?xml version="1.0" encoding="UTF-8"?>
<!-- Generated by org.testng.reporters.JUnitReportReporter -->
<testsuite skipped="0" hostname="DESKTOP-L1EA06Q" name="com.qa.test.LoginPageTest" tests="4" failures="0" timestamp="2020-09-19T01:19:12 IST" time="33.457" errors="0">
  <testcase name="verifyLoginPageTitleTest" time="7.564" classname="com.qa.test.LoginPageTest"/>
  <system-out/>
  <testcase name="verifyResetBtnTest" time="8.449" classname="com.qa.test.LoginPageTest"/>
  <system-out/>
  <testcase name="verifyLoginBtnTest" time="10.168" classname="com.qa.test.LoginPageTest"/>
  <system-out/>
  <testcase name="verifyLogoTest" time="7.276" classname="com.qa.test.LoginPageTest"/>
  <system-out/>
</testsuite> <!-- com.qa.test.LoginPageTest -->
