<?xml version="1.0" encoding="UTF-8"?>
<!-- Generated by org.testng.reporters.JUnitReportReporter -->
<testsuite skipped="0" hostname="DESKTOP-L1EA06Q" name="DailyTaskTestNg.Day01VerifyLoginTest" tests="1" failures="0" timestamp="2020-09-29T23:31:06 IST" time="14.863" errors="0">
  <testcase name="verifyLoginTest" time="14.863" classname="DailyTaskTestNg.Day01VerifyLoginTest"/>
  <system-out/>
</testsuite> <!-- DailyTaskTestNg.Day01VerifyLoginTest -->
