<?xml version="1.0" encoding="UTF-8"?>
<!-- Generated by org.testng.reporters.JUnitReportReporter -->
<testsuite skipped="0" hostname="DESKTOP-L1EA06Q" name="DailyTask.Day01VerifyLoginTest" tests="1" failures="0" timestamp="2020-08-23T16:26:06 IST" time="13.721" errors="0">
  <testcase name="verifyLoginTest" time="13.721" classname="DailyTask.Day01VerifyLoginTest"/>
  <system-out/>
</testsuite> <!-- DailyTask.Day01VerifyLoginTest -->
