<?xml version="1.0" encoding="UTF-8"?>
<!-- Generated by org.testng.reporters.JUnitReportReporter -->
<testsuite skipped="0" hostname="DESKTOP-L1EA06Q" name="com.qa.test.DeleteAccountPageTest" tests="3" failures="0" timestamp="2020-09-17T01:40:23 IST" time="35.924" errors="0">
  <testcase name="verifyDeleteAccountPageTitleTest" time="12.567" classname="com.qa.test.DeleteAccountPageTest"/>
  <system-out/>
  <testcase name="verifyResetBtnTest" time="11.021" classname="com.qa.test.DeleteAccountPageTest"/>
  <system-out/>
  <testcase name="verifySubmitBtnTest" time="12.336" classname="com.qa.test.DeleteAccountPageTest"/>
  <system-out/>
</testsuite> <!-- com.qa.test.DeleteAccountPageTest -->
