<?xml version="1.0" encoding="UTF-8"?>
<!-- Generated by org.testng.reporters.JUnitReportReporter -->
<testsuite skipped="0" hostname="DESKTOP-L1EA06Q" name="com.qa.test.HomePageTest" tests="1" failures="0" timestamp="2020-09-21T00:23:36 IST" time="12.056" errors="0">
  <testcase name="verifynewAccountBtnTest" time="12.056" classname="com.qa.test.HomePageTest"/>
  <system-out/>
</testsuite> <!-- com.qa.test.HomePageTest -->
