<?xml version="1.0" encoding="UTF-8"?>
<!-- Generated by org.testng.reporters.JUnitReportReporter -->
<testsuite skipped="0" hostname="DESKTOP-L1EA06Q" name="com.qa.test.DeleteCustomerPageTest" tests="3" failures="0" timestamp="2020-08-28T20:58:43 IST" time="51.085" errors="0">
  <testcase name="verifyResetBtnTest" time="18.986" classname="com.qa.test.DeleteCustomerPageTest"/>
  <system-out/>
  <testcase name="verifySubmitBtnTest" time="15.547" classname="com.qa.test.DeleteCustomerPageTest"/>
  <system-out/>
  <testcase name="verifyEditCustomerPageTitleTest" time="16.552" classname="com.qa.test.DeleteCustomerPageTest"/>
  <system-out/>
</testsuite> <!-- com.qa.test.DeleteCustomerPageTest -->
