<?xml version="1.0" encoding="UTF-8"?>
<!-- Generated by org.testng.reporters.JUnitReportReporter -->
<testsuite skipped="0" hostname="DESKTOP-L1EA06Q" name="DailyTaskTestNg.Day02VerifyLoginTest" tests="1" failures="0" timestamp="2020-09-16T01:20:32 IST" time="10.261" errors="0">
  <testcase name="verifyLoginTest" time="10.261" classname="DailyTaskTestNg.Day02VerifyLoginTest"/>
  <system-out/>
</testsuite> <!-- DailyTaskTestNg.Day02VerifyLoginTest -->
