<?xml version="1.0" encoding="UTF-8"?>
<!-- Generated by org.testng.reporters.JUnitReportReporter -->
<testsuite skipped="0" hostname="DESKTOP-L1EA06Q" name="com.qa.test.DeleteAccountPageTest" tests="3" failures="0" timestamp="2020-09-17T01:42:08 IST" time="36.647" errors="0">
  <testcase name="verifyDeleteAccountPageTitleTest" time="13.143" classname="com.qa.test.DeleteAccountPageTest"/>
  <system-out/>
  <testcase name="verifyResetBtnTest" time="10.863" classname="com.qa.test.DeleteAccountPageTest"/>
  <system-out/>
  <testcase name="verifySubmitBtnTest" time="12.641" classname="com.qa.test.DeleteAccountPageTest"/>
  <system-out/>
</testsuite> <!-- com.qa.test.DeleteAccountPageTest -->
