<?xml version="1.0" encoding="UTF-8"?>
<!-- Generated by org.testng.reporters.JUnitReportReporter -->
<testsuite skipped="0" hostname="DESKTOP-L1EA06Q" name="DailyTaskTestNg.Day02VerifyLoginTest" tests="1" failures="0" timestamp="2020-08-29T19:34:41 IST" time="14.829" errors="0">
  <testcase name="verifyLoginTest" time="14.829" classname="DailyTaskTestNg.Day02VerifyLoginTest"/>
  <system-out/>
</testsuite> <!-- DailyTaskTestNg.Day02VerifyLoginTest -->
