<?xml version="1.0" encoding="UTF-8"?>
<!-- Generated by org.testng.reporters.JUnitReportReporter -->
<testsuite skipped="0" hostname="DESKTOP-L1EA06Q" name="DailyTask.Day01VerifyLoginTest" tests="1" failures="0" timestamp="2020-08-23T13:57:34 IST" time="30.500" errors="0">
  <testcase name="verifyLoginTest" time="30.500" classname="DailyTask.Day01VerifyLoginTest"/>
  <system-out/>
</testsuite> <!-- DailyTask.Day01VerifyLoginTest -->
