<?xml version="1.0" encoding="UTF-8"?>
<!-- Generated by org.testng.reporters.JUnitReportReporter -->
<testsuite skipped="0" hostname="DESKTOP-L1EA06Q" name="com.qa.test.LoginPageTest" tests="4" failures="0" timestamp="2020-09-19T00:42:57 IST" time="36.833" errors="0">
  <testcase name="verifyLoginPageTitleTest" time="7.543" classname="com.qa.test.LoginPageTest"/>
  <system-out/>
  <testcase name="verifyResetBtnTest" time="8.932" classname="com.qa.test.LoginPageTest"/>
  <system-out/>
  <testcase name="verifyLoginBtnTest" time="12.826" classname="com.qa.test.LoginPageTest"/>
  <system-out/>
  <testcase name="verifyLogoTest" time="7.532" classname="com.qa.test.LoginPageTest"/>
  <system-out/>
</testsuite> <!-- com.qa.test.LoginPageTest -->
