<?xml version="1.0" encoding="UTF-8"?>
<!-- Generated by org.testng.reporters.JUnitReportReporter -->
<testsuite skipped="0" hostname="DESKTOP-L1EA06Q" name="DailyTaskTestNg.Day01VerifyLoginTest" tests="1" failures="0" timestamp="2020-09-26T23:52:16 IST" time="21.773" errors="0">
  <testcase name="verifyLoginTest" time="21.773" classname="DailyTaskTestNg.Day01VerifyLoginTest"/>
  <system-out/>
</testsuite> <!-- DailyTaskTestNg.Day01VerifyLoginTest -->
