<?xml version="1.0" encoding="UTF-8"?>
<!-- Generated by org.testng.reporters.JUnitReportReporter -->
<testsuite skipped="0" hostname="DESKTOP-L1EA06Q" name="com.qa.pages.DeleteAccountPageTest" tests="3" failures="0" timestamp="2020-08-29T18:08:00 IST" time="51.183" errors="0">
  <testcase name="verifyDeleteAccountPageTitleTest" time="17.890" classname="com.qa.pages.DeleteAccountPageTest"/>
  <system-out/>
  <testcase name="verifySubmitBtnTest" time="17.226" classname="com.qa.pages.DeleteAccountPageTest"/>
  <system-out/>
  <testcase name="verifyResetBtnTest" time="16.067" classname="com.qa.pages.DeleteAccountPageTest"/>
  <system-out/>
</testsuite> <!-- com.qa.pages.DeleteAccountPageTest -->
