<?xml version="1.0" encoding="UTF-8"?>
<!-- Generated by org.testng.reporters.JUnitReportReporter -->
<testsuite skipped="0" hostname="DESKTOP-L1EA06Q" name="com.qa.test.LoginPageTest" tests="4" failures="0" timestamp="2020-08-24T19:01:34 IST" time="70.718" errors="0">
  <testcase name="verifyLoginPageTitleTest" time="10.326" classname="com.qa.test.LoginPageTest"/>
  <system-out/>
  <testcase name="verifyResetBtnTest" time="23.308" classname="com.qa.test.LoginPageTest"/>
  <system-out/>
  <testcase name="verifyLogoTest" time="9.818" classname="com.qa.test.LoginPageTest"/>
  <system-out/>
  <testcase name="verifyLoginBtnTest" time="27.266" classname="com.qa.test.LoginPageTest"/>
  <system-out/>
</testsuite> <!-- com.qa.test.LoginPageTest -->
