<?xml version="1.0" encoding="UTF-8"?>
<!-- Generated by org.testng.reporters.JUnitReportReporter -->
<testsuite skipped="0" hostname="DESKTOP-L1EA06Q" name="com.qa.test.DeleteAccountPageTest" tests="3" failures="0" timestamp="2020-09-08T01:29:27 IST" time="52.962" errors="0">
  <testcase name="verifyDeleteAccountPageTitleTest" time="28.165" classname="com.qa.test.DeleteAccountPageTest"/>
  <system-out/>
  <testcase name="verifyResetBtnTest" time="12.347" classname="com.qa.test.DeleteAccountPageTest"/>
  <system-out/>
  <testcase name="verifySubmitBtnTest" time="12.450" classname="com.qa.test.DeleteAccountPageTest"/>
  <system-out/>
</testsuite> <!-- com.qa.test.DeleteAccountPageTest -->
