<?xml version="1.0" encoding="UTF-8"?>
<!-- Generated by org.testng.reporters.JUnitReportReporter -->
<testsuite skipped="0" hostname="DESKTOP-L1EA06Q" name="com.qa.test.EditAccountPageTest" tests="3" failures="0" timestamp="2020-08-28T21:21:29 IST" time="56.272" errors="0">
  <testcase name="verifyResetBtnTest" time="18.160" classname="com.qa.test.EditAccountPageTest"/>
  <system-out/>
  <testcase name="verifySubmitBtnTest" time="17.366" classname="com.qa.test.EditAccountPageTest"/>
  <system-out/>
  <testcase name="verifyEditAccountPageTitleTest" time="20.746" classname="com.qa.test.EditAccountPageTest"/>
  <system-out/>
</testsuite> <!-- com.qa.test.EditAccountPageTest -->
