<?xml version="1.0" encoding="UTF-8"?>
<!-- Generated by org.testng.reporters.JUnitReportReporter -->
<testsuite skipped="0" hostname="DESKTOP-L1EA06Q" name="com.qa.test.DeleteAccountPageTest" tests="3" failures="0" timestamp="2020-09-17T01:36:58 IST" time="36.182" errors="0">
  <testcase name="verifyDeleteAccountPageTitleTest" time="11.944" classname="com.qa.test.DeleteAccountPageTest"/>
  <system-out/>
  <testcase name="verifyResetBtnTest" time="11.906" classname="com.qa.test.DeleteAccountPageTest"/>
  <system-out/>
  <testcase name="verifySubmitBtnTest" time="12.332" classname="com.qa.test.DeleteAccountPageTest"/>
  <system-out/>
</testsuite> <!-- com.qa.test.DeleteAccountPageTest -->
