<?xml version="1.0" encoding="UTF-8"?>
<!-- Generated by org.testng.reporters.JUnitReportReporter -->
<testsuite skipped="0" hostname="DESKTOP-L1EA06Q" name="com.qa.test.EditCustomerPageTest" tests="3" failures="0" timestamp="2020-08-28T19:16:25 IST" time="52.234" errors="0">
  <testcase name="verifyResetBtnTest" time="20.250" classname="com.qa.test.EditCustomerPageTest"/>
  <system-out/>
  <testcase name="verifySubmitBtnTest" time="14.944" classname="com.qa.test.EditCustomerPageTest"/>
  <system-out/>
  <testcase name="verifyEditCustomerPageTitleTest" time="17.040" classname="com.qa.test.EditCustomerPageTest"/>
  <system-out/>
</testsuite> <!-- com.qa.test.EditCustomerPageTest -->
