<?xml version="1.0" encoding="UTF-8"?>
<!-- Generated by org.testng.reporters.JUnitReportReporter -->
<testsuite skipped="0" hostname="DESKTOP-L1EA06Q" name="com.qa.test.LoginPageTest" tests="4" failures="0" timestamp="2020-08-24T00:18:40 IST" time="48.143" errors="0">
  <testcase name="verifyLoginPageTitleTest" time="13.578" classname="com.qa.test.LoginPageTest"/>
  <system-out/>
  <testcase name="verifyResetBtnTest" time="11.816" classname="com.qa.test.LoginPageTest"/>
  <system-out/>
  <testcase name="verifyLogoTest" time="9.930" classname="com.qa.test.LoginPageTest"/>
  <system-out/>
  <testcase name="verifyLoginBtnTest" time="12.819" classname="com.qa.test.LoginPageTest"/>
  <system-out/>
</testsuite> <!-- com.qa.test.LoginPageTest -->
